SF:lib/src/unico/di/injection.dart
DA:3,6
DA:5,6
DA:19,2
DA:24,4
DA:25,6
DA:29,2
DA:32,4
DA:35,0
DA:41,2
DA:43,4
LF:10
LH:9
end_of_record
SF:lib/src/unico/adapter/repository/processors/camera.result.processor.mapper.dart
DA:5,1
DA:6,1
DA:7,1
DA:8,1
DA:12,1
DA:14,1
DA:16,1
DA:17,1
DA:18,1
DA:19,1
DA:20,1
DA:24,1
DA:25,2
DA:26,1
DA:27,1
DA:37,1
DA:42,1
LF:17
LH:17
end_of_record
SF:lib/src/unico/domain/entities/camera_callback/camera.callback.config.entity.dart
DA:12,2
LF:1
LH:1
end_of_record
SF:lib/src/unico/domain/entities/open.camera.request.dart
DA:8,2
DA:12,2
DA:16,2
DA:20,2
DA:24,2
DA:28,2
DA:32,2
DA:34,1
DA:35,1
DA:38,1
DA:39,1
DA:42,1
DA:43,1
DA:46,1
DA:47,1
DA:50,1
DA:51,1
DA:54,1
DA:55,1
DA:58,1
DA:59,1
LF:21
LH:21
end_of_record
SF:lib/src/unico/domain/entities/open_camera/open.camera.config.entity.dart
DA:10,2
LF:1
LH:1
end_of_record
SF:lib/src/unico/domain/entities/result.camera.dart
DA:8,1
LF:1
LH:1
end_of_record
SF:lib/src/unico/domain/entities/unico.config.dart
DA:10,1
LF:1
LH:1
end_of_record
SF:lib/src/unico/domain/entities/unico.error.channel.dart
DA:10,2
LF:1
LH:1
end_of_record
SF:lib/src/unico/domain/entities/unico.error.dart
DA:6,1
LF:1
LH:1
end_of_record
SF:lib/src/unico/domain/mapper/unico.error.factory.dart
DA:4,1
DA:5,1
LF:2
LH:2
end_of_record
SF:lib/src/unico/domain/entities/document.type.dart
DA:3,12
LF:1
LH:1
end_of_record
SF:lib/src/unico/domain/entities/methods.channel.dart
DA:3,12
LF:1
LH:1
end_of_record
SF:lib/src/unico/domain/entities/unico.theme.dart
DA:18,4
LF:1
LH:1
end_of_record
SF:lib/src/unico/adapter/repository/channel.repository.default.dart
DA:21,2
DA:27,1
DA:33,1
DA:34,2
DA:36,2
DA:43,1
DA:46,1
DA:47,1
DA:48,3
DA:50,1
DA:51,3
DA:54,2
DA:55,2
LF:13
LH:13
end_of_record
SF:lib/src/unico/adapter/repository/mappers/open.camera.request.mapper.dart
DA:9,2
DA:11,1
DA:12,1
DA:13,3
DA:14,0
DA:16,1
DA:17,3
DA:18,0
DA:21,1
DA:22,3
DA:23,0
DA:25,1
DA:27,1
DA:28,1
DA:29,1
DA:30,2
LF:16
LH:13
end_of_record
SF:lib/src/unico/adapter/repository/mappers/unico.config.mapper.dart
DA:4,1
DA:5,1
DA:6,1
DA:7,1
DA:8,1
DA:9,1
DA:10,1
DA:11,1
LF:8
LH:8
end_of_record
SF:lib/src/unico/adapter/repository/mappers/unico.theme.mapper.dart
DA:4,1
DA:5,1
DA:7,1
DA:10,1
DA:13,1
DA:16,1
DA:19,1
DA:23,1
DA:26,1
DA:30,1
DA:33,1
DA:36,1
DA:39,1
DA:42,1
DA:45,1
DA:48,1
LF:16
LH:16
end_of_record
SF:lib/src/unico/plugins/channel/channel.unico.default.dart
DA:13,2
DA:16,1
DA:22,1
DA:23,3
DA:24,1
DA:25,1
DA:29,4
DA:30,1
DA:31,0
DA:33,0
DA:34,0
DA:37,1
DA:38,3
DA:40,1
DA:41,1
DA:46,0
DA:47,0
DA:48,0
DA:51,0
LF:19
LH:12
end_of_record
SF:lib/src/unico/adapter/api/unico.check.builder.default.dart
DA:16,2
DA:20,2
DA:24,2
DA:28,2
DA:39,1
DA:43,1
DA:46,1
DA:48,1
DA:49,1
DA:50,1
DA:51,1
DA:52,1
DA:53,1
DA:54,1
DA:55,1
DA:57,1
DA:58,2
DA:59,2
DA:61,2
DA:62,2
DA:66,1
DA:68,1
DA:72,1
DA:74,1
DA:78,1
DA:80,1
DA:84,1
DA:86,1
LF:28
LH:28
end_of_record
SF:lib/src/unico/di/module.dart
DA:18,1
DA:19,1
DA:21,1
DA:22,1
DA:25,1
DA:26,2
DA:29,1
DA:30,1
DA:31,2
DA:33,1
DA:34,2
DA:36,1
DA:37,4
DA:39,1
DA:40,4
DA:44,1
DA:45,1
DA:46,2
DA:48,1
DA:49,2
DA:51,1
DA:52,6
DA:54,1
DA:55,2
DA:57,1
DA:58,2
DA:60,1
DA:61,2
DA:63,1
DA:64,2
DA:65,2
DA:66,2
DA:67,2
LF:33
LH:33
end_of_record
SF:lib/src/unico/adapter/api/mapper/open.check.camera.factory.dart
DA:13,1
DA:19,1
DA:27,1
DA:32,1
LF:4
LH:4
end_of_record
SF:lib/src/unico/adapter/api/unico.check.camera.opener.default.dart
DA:27,2
DA:35,1
DA:37,2
DA:38,2
DA:40,1
DA:42,2
DA:43,1
DA:48,2
DA:51,0
DA:53,0
DA:54,0
DA:57,1
DA:59,2
DA:61,2
DA:62,1
DA:63,1
DA:65,2
DA:68,1
DA:73,1
DA:74,2
DA:76,1
DA:78,2
DA:79,1
DA:84,0
DA:87,1
DA:88,1
DA:89,2
DA:90,2
DA:93,1
DA:94,1
DA:95,2
DA:96,2
DA:97,2
DA:98,2
DA:101,1
DA:102,2
LF:36
LH:32
end_of_record
SF:lib/src/unico/domain/entities/camera_opener/camera.opener.config.entity.dart
DA:14,2
LF:1
LH:1
end_of_record
SF:lib/src/unico/domain/usecase/open.camera.usecase.dart
DA:8,2
DA:10,1
DA:12,2
DA:13,2
DA:14,1
DA:15,1
LF:6
LH:6
end_of_record
SF:lib/src/unico/domain/usecase/unico.callback.usecase.dart
DA:21,2
DA:23,1
DA:25,2
DA:26,2
DA:27,2
DA:28,2
DA:30,1
DA:33,1
DA:34,1
DA:35,2
DA:36,3
DA:37,3
DA:39,2
DA:40,2
DA:44,1
DA:47,1
DA:48,1
DA:49,1
DA:50,1
DA:52,1
DA:53,2
DA:55,1
DA:56,2
DA:58,1
DA:59,2
DA:61,1
DA:62,1
DA:64,1
DA:65,1
DA:69,2
DA:70,2
DA:74,1
DA:75,4
DA:76,2
DA:77,2
DA:81,1
DA:82,4
DA:83,2
DA:84,2
DA:88,1
DA:89,4
DA:90,2
DA:91,2
LF:43
LH:43
end_of_record
